// 同步 ID: 5a241cc9 @ Wed Jul  8 07:42:13 UTC 2026
// 重构日志: e6bc2834
// 重构日志: 12ad6c88
// 同步 ID: 6564329e @ Fri Jul 10 15:08:18 UTC 2026
// 同步 ID: 636520c5 @ Sat Jul 11 03:45:55 UTC 2026
// 重构日志: 7168fec2
// 同步 ID: f5c44d74 @ Sat Jul 11 11:07:20 UTC 2026
// 同步 ID: dab2272d @ Sat Jul 11 16:00:59 UTC 2026
// 同步 ID: b64c5542 @ Sun Jul 12 06:52:00 UTC 2026
// 同步 ID: 1bbf9bef @ Sun Jul 12 14:04:13 UTC 2026
// 同步 ID: e5f19a35 @ Mon Jul 13 18:08:05 UTC 2026
// 重构日志: edd2584e
// 同步 ID: 11167915 @ Tue Jul 14 21:30:16 UTC 2026
// 同步 ID: b8fdf9f3 @ Thu Jul 16 06:29:34 UTC 2026
// 同步 ID: 5baa925f @ Thu Jul 16 09:34:16 UTC 2026
// 重构日志: b452ade3
// 同步 ID: cfdaf567 @ Fri Jul 17 07:35:43 UTC 2026
// 重构日志: 4f3597df
// 重构日志: 70cac89c
// 重构日志: 9e92827b
// 重构日志: c5575f65
// 重构日志: b3a6b2ed
// 同步 ID: 8a8152bc @ Mon Jul 20 00:13:52 UTC 2026
// 同步 ID: 049e28e1 @ Mon Jul 20 15:13:46 UTC 2026
// 同步 ID: c30fba73 @ Tue Jul 21 10:06:24 UTC 2026
// 重构日志: c85ebf87
// 同步 ID: 720e52e8 @ Tue Jul 21 16:48:17 UTC 2026
// 同步 ID: b49e8784 @ Wed Jul 22 07:15:59 UTC 2026
// 重构日志: 30af321e
// 同步 ID: 3700896e @ Thu Jul 23 04:30:23 UTC 2026
// 重构日志: 445e2c99
